<?xml version="1.0" encoding="UTF-8"?>
<testsuites name="Data_Driven_Suite_Demo" time="26.094" tests="2" failures="1" errors="0">
   <testsuite name="Data_Driven_Suite_Demo" tests="2" failures="1" errors="0" time="26.094" skipped="0" timestamp="14-10-2024T16:14:13" hostname="24080102 - DESKTOP-L509IM7.silvertouch.local" id="Test Suites/Data_Driven_Suit/Data_Driven_Suite_Demo">
      <properties>
         <property name="deviceName" value=""/>
         <property name="devicePlatform"/>
         <property name="logFolder" value="D:\\Silver Touch_MP\\Softwares\\Katalon\\Katalon_WorkSpace_STTL\\Katalon_Training_Udemy\\Reports\\20241014_161404\\Data_Driven_Suit\\Data_Driven_Suite_Demo\\20241014_161405"/>
         <property name="logFiles" value="D:\\Silver Touch_MP\\Softwares\\Katalon\\Katalon_WorkSpace_STTL\\Katalon_Training_Udemy\\Reports\\20241014_161404\\Data_Driven_Suit\\Data_Driven_Suite_Demo\\20241014_161405\\execution0.log"/>
         <property name="attachments" value="D:\\Silver Touch_MP\\Softwares\\Katalon\\Katalon_WorkSpace_STTL\\Katalon_Training_Udemy\\Reports\\20241014_161404\\Data_Driven_Suit\\Data_Driven_Suite_Demo\\20241014_161405\\1728902679774.png"/>
         <property name="hostName" value="24080102 - DESKTOP-L509IM7.silvertouch.local"/>
         <property name="os" value="Windows 10 64bit"/>
         <property name="katalonVersion" value="9.7.2.223"/>
         <property name="browser" value="Chrome 129.0.0.0"/>
         <property name="hostAddress" value="192.168.6.239"/>
         <property name="sessionId" value="cf8833da1d17493658a07acf75d9523e"/>
         <property name="seleniumVersion" value="3.141.59"/>
         <property name="proxyInformation" value="ProxyInformation { proxyOption=NO_PROXY, proxyServerType=HTTP, username=, password=********, proxyServerAddress=, proxyServerPort=0, executionList=&quot;&quot;, isApplyToDesiredCapabilities=true }"/>
         <property name="platform" value="Windows 10"/>
      </properties>
      <testcase name="Test Cases/Data_Driven/Data-Driven_Demo" time="9.992" classname="Test Cases/Data_Driven/Data-Driven_Demo" status="PASSED">
         <system-out><![CDATA[14-10-2024T16:14:14 - [TEST_CASE][PASSED] - Test Cases/Data_Driven/Data-Driven_Demo: Test Cases/Data_Driven/Data-Driven_Demo

14-10-2024T16:14:14 - [TEST_STEP][PASSED] - openBrowser(""): Browser is opened with url: ''

14-10-2024T16:14:14 - [MESSAGE][INFO] - Starting 'Chrome' driver

14-10-2024T16:14:14 - [MESSAGE][INFO] - Action delay is set to 0 milliseconds

14-10-2024T16:14:17 - [MESSAGE][PASSED] - Browser is opened with url: ''

14-10-2024T16:14:17 - [TEST_STEP][PASSED] - maximizeWindow(): Current window maximized

14-10-2024T16:14:18 - [MESSAGE][PASSED] - Current window maximized

14-10-2024T16:14:18 - [TEST_STEP][PASSED] - navigateToUrl("https://www.saucedemo.com/v1/"): Navigate to 'https://www.saucedemo.com/v1/' successfully

14-10-2024T16:14:19 - [MESSAGE][PASSED] - Navigate to 'https://www.saucedemo.com/v1/' successfully

14-10-2024T16:14:19 - [TEST_STEP][PASSED] - setText(findTestObject("Object Repository/Data_Driven_Objects/input_standard_userlocked_out_userproblem_u_db77ac"), Username): Text 'standard_user' is set on object 'Object Repository/Data_Driven_Objects/input_standard_userlocked_out_userproblem_u_db77ac'

14-10-2024T16:14:20 - [MESSAGE][PASSED] - Text 'standard_user' is set on object 'Object Repository/Data_Driven_Objects/input_standard_userlocked_out_userproblem_u_db77ac'

14-10-2024T16:14:20 - [TEST_STEP][PASSED] - setEncryptedText(findTestObject("Object Repository/Data_Driven_Objects/input_standard_userlocked_out_userproblem_u_3423e9"), Password): Text ****** has been set on object 'Object Repository/Data_Driven_Objects/input_standard_userlocked_out_userproblem_u_3423e9'

14-10-2024T16:14:21 - [MESSAGE][PASSED] - Text ****** has been set on object 'Object Repository/Data_Driven_Objects/input_standard_userlocked_out_userproblem_u_3423e9'

14-10-2024T16:14:21 - [TEST_STEP][PASSED] - click(findTestObject("Object Repository/Data_Driven_Objects/input_standard_userlocked_out_userproblem_u_0dff71")): Object: 'Object Repository/Data_Driven_Objects/input_standard_userlocked_out_userproblem_u_0dff71' is clicked on

14-10-2024T16:14:22 - [MESSAGE][PASSED] - Object: 'Object Repository/Data_Driven_Objects/input_standard_userlocked_out_userproblem_u_0dff71' is clicked on

14-10-2024T16:14:22 - [TEST_STEP][PASSED] - click(findTestObject("Object Repository/Data_Driven_Objects/button_Open Menu")): Object: 'Object Repository/Data_Driven_Objects/button_Open Menu' is clicked on

14-10-2024T16:14:22 - [MESSAGE][PASSED] - Object: 'Object Repository/Data_Driven_Objects/button_Open Menu' is clicked on

14-10-2024T16:14:22 - [TEST_STEP][PASSED] - click(findTestObject("Object Repository/Data_Driven_Objects/a_Logout")): Object: 'Object Repository/Data_Driven_Objects/a_Logout' is clicked on

14-10-2024T16:14:22 - [MESSAGE][PASSED] - Object: 'Object Repository/Data_Driven_Objects/a_Logout' is clicked on

14-10-2024T16:14:22 - [TEST_STEP][PASSED] - closeBrowser(): Browser is closed

14-10-2024T16:14:24 - [MESSAGE][PASSED] - Browser is closed]]></system-out>
         <system-err><![CDATA[]]></system-err>
      </testcase>
      <testcase name="Test Cases/Data_Driven/Data-Driven_Demo" time="15.846" classname="Test Cases/Data_Driven/Data-Driven_Demo" status="FAILED">
         <failure type="FAILED" message="Test Cases/Data_Driven/Data-Driven_Demo FAILED.&#xa;Reason:&#xa;com.kms.katalon.core.exception.StepFailedException: Unable to click on object 'Object Repository/Data_Driven_Objects/button_Open Menu'&#xa;	at com.kms.katalon.core.webui.keyword.internal.WebUIKeywordMain.stepFailed(WebUIKeywordMain.groovy:117)&#xa;	at com.kms.katalon.core.webui.keyword.internal.WebUIKeywordMain.runKeyword(WebUIKeywordMain.groovy:43)&#xa;	at com.kms.katalon.core.webui.keyword.builtin.ClickKeyword.click(ClickKeyword.groovy:74)&#xa;	at com.kms.katalon.core.webui.keyword.builtin.ClickKeyword.execute(ClickKeyword.groovy:40)&#xa;	at com.kms.katalon.core.keyword.internal.KeywordExecutor.executeKeywordForPlatform(KeywordExecutor.groovy:74)&#xa;	at com.kms.katalon.core.webui.keyword.WebUiBuiltInKeywords.click(WebUiBuiltInKeywords.groovy:659)&#xa;	at Data-Driven_Demo.run(Data-Driven_Demo:34)&#xa;	at com.kms.katalon.core.main.ScriptEngine.run(ScriptEngine.java:194)&#xa;	at com.kms.katalon.core.main.ScriptEngine.runScriptAsRawText(ScriptEngine.java:119)&#xa;	at com.kms.katalon.core.main.TestCaseExecutor.runScript(TestCaseExecutor.java:448)&#xa;	at com.kms.katalon.core.main.TestCaseExecutor.doExecute(TestCaseExecutor.java:439)&#xa;	at com.kms.katalon.core.main.TestCaseExecutor.processExecutionPhase(TestCaseExecutor.java:418)&#xa;	at com.kms.katalon.core.main.TestCaseExecutor.accessMainPhase(TestCaseExecutor.java:410)&#xa;	at com.kms.katalon.core.main.TestCaseExecutor.execute(TestCaseExecutor.java:285)&#xa;	at com.kms.katalon.core.common.CommonExecutor.accessTestCaseMainPhase(CommonExecutor.java:65)&#xa;	at com.kms.katalon.core.main.TestSuiteExecutor.accessTestSuiteMainPhase(TestSuiteExecutor.java:150)&#xa;	at com.kms.katalon.core.main.TestSuiteExecutor.execute(TestSuiteExecutor.java:106)&#xa;	at com.kms.katalon.core.main.TestCaseMain.startTestSuite(TestCaseMain.java:180)&#xa;	at TempTestSuite1728902646005.run(TempTestSuite1728902646005.groovy:35)&#xa;	at java.base/jdk.internal.reflect.NativeMethodAccessorImpl.invoke0(Native Method)&#xa;	at java.base/jdk.internal.reflect.NativeMethodAccessorImpl.invoke(NativeMethodAccessorImpl.java:77)&#xa;	at java.base/jdk.internal.reflect.DelegatingMethodAccessorImpl.invoke(DelegatingMethodAccessorImpl.java:43)&#xa;Caused by: com.kms.katalon.core.webui.exception.WebElementNotFoundException: Web element with id: 'Object Repository/Data_Driven_Objects/button_Open Menu' located by '//div[@id='menu_button_container']/div/div[3]/div/button' not found&#xa;	at com.kms.katalon.core.webui.common.WebUiCommonHelper.findWebElement(WebUiCommonHelper.java:1419)&#xa;	at com.kms.katalon.core.webui.keyword.internal.WebUIAbstractKeyword.findWebElement(WebUIAbstractKeyword.groovy:27)&#xa;	at com.kms.katalon.core.webui.keyword.builtin.ClickKeyword$_click_closure1.doCall(ClickKeyword.groovy:65)&#xa;	at com.kms.katalon.core.webui.keyword.builtin.ClickKeyword$_click_closure1.call(ClickKeyword.groovy)&#xa;	at com.kms.katalon.core.webui.keyword.internal.WebUIKeywordMain.runKeyword(WebUIKeywordMain.groovy:35)&#xa;	... 20 more&#xa;"/>
         <system-out><![CDATA[14-10-2024T16:14:24 - [TEST_CASE][FAILED] - Test Cases/Data_Driven/Data-Driven_Demo: Test Cases/Data_Driven/Data-Driven_Demo FAILED.
Reason:
com.kms.katalon.core.exception.StepFailedException: Unable to click on object 'Object Repository/Data_Driven_Objects/button_Open Menu'
	at com.kms.katalon.core.webui.keyword.internal.WebUIKeywordMain.stepFailed(WebUIKeywordMain.groovy:117)
	at com.kms.katalon.core.webui.keyword.internal.WebUIKeywordMain.runKeyword(WebUIKeywordMain.groovy:43)
	at com.kms.katalon.core.webui.keyword.builtin.ClickKeyword.click(ClickKeyword.groovy:74)
	at com.kms.katalon.core.webui.keyword.builtin.ClickKeyword.execute(ClickKeyword.groovy:40)
	at com.kms.katalon.core.keyword.internal.KeywordExecutor.executeKeywordForPlatform(KeywordExecutor.groovy:74)
	at com.kms.katalon.core.webui.keyword.WebUiBuiltInKeywords.click(WebUiBuiltInKeywords.groovy:659)
	at Data-Driven_Demo.run(Data-Driven_Demo:34)
	at com.kms.katalon.core.main.ScriptEngine.run(ScriptEngine.java:194)
	at com.kms.katalon.core.main.ScriptEngine.runScriptAsRawText(ScriptEngine.java:119)
	at com.kms.katalon.core.main.TestCaseExecutor.runScript(TestCaseExecutor.java:448)
	at com.kms.katalon.core.main.TestCaseExecutor.doExecute(TestCaseExecutor.java:439)
	at com.kms.katalon.core.main.TestCaseExecutor.processExecutionPhase(TestCaseExecutor.java:418)
	at com.kms.katalon.core.main.TestCaseExecutor.accessMainPhase(TestCaseExecutor.java:410)
	at com.kms.katalon.core.main.TestCaseExecutor.execute(TestCaseExecutor.java:285)
	at com.kms.katalon.core.common.CommonExecutor.accessTestCaseMainPhase(CommonExecutor.java:65)
	at com.kms.katalon.core.main.TestSuiteExecutor.accessTestSuiteMainPhase(TestSuiteExecutor.java:150)
	at com.kms.katalon.core.main.TestSuiteExecutor.execute(TestSuiteExecutor.java:106)
	at com.kms.katalon.core.main.TestCaseMain.startTestSuite(TestCaseMain.java:180)
	at TempTestSuite1728902646005.run(TempTestSuite1728902646005.groovy:35)
	at java.base/jdk.internal.reflect.NativeMethodAccessorImpl.invoke0(Native Method)
	at java.base/jdk.internal.reflect.NativeMethodAccessorImpl.invoke(NativeMethodAccessorImpl.java:77)
	at java.base/jdk.internal.reflect.DelegatingMethodAccessorImpl.invoke(DelegatingMethodAccessorImpl.java:43)
Caused by: com.kms.katalon.core.webui.exception.WebElementNotFoundException: Web element with id: 'Object Repository/Data_Driven_Objects/button_Open Menu' located by '//div[@id='menu_button_container']/div/div[3]/div/button' not found
	at com.kms.katalon.core.webui.common.WebUiCommonHelper.findWebElement(WebUiCommonHelper.java:1419)
	at com.kms.katalon.core.webui.keyword.internal.WebUIAbstractKeyword.findWebElement(WebUIAbstractKeyword.groovy:27)
	at com.kms.katalon.core.webui.keyword.builtin.ClickKeyword$_click_closure1.doCall(ClickKeyword.groovy:65)
	at com.kms.katalon.core.webui.keyword.builtin.ClickKeyword$_click_closure1.call(ClickKeyword.groovy)
	at com.kms.katalon.core.webui.keyword.internal.WebUIKeywordMain.runKeyword(WebUIKeywordMain.groovy:35)
	... 20 more


14-10-2024T16:14:24 - [TEST_STEP][PASSED] - openBrowser(""): Browser is opened with url: ''

14-10-2024T16:14:24 - [MESSAGE][INFO] - Starting 'Chrome' driver

14-10-2024T16:14:24 - [MESSAGE][INFO] - Action delay is set to 0 milliseconds

14-10-2024T16:14:26 - [MESSAGE][PASSED] - Browser is opened with url: ''

14-10-2024T16:14:26 - [TEST_STEP][PASSED] - maximizeWindow(): Current window maximized

14-10-2024T16:14:26 - [MESSAGE][PASSED] - Current window maximized

14-10-2024T16:14:26 - [TEST_STEP][PASSED] - navigateToUrl("https://www.saucedemo.com/v1/"): Navigate to 'https://www.saucedemo.com/v1/' successfully

14-10-2024T16:14:27 - [MESSAGE][PASSED] - Navigate to 'https://www.saucedemo.com/v1/' successfully

14-10-2024T16:14:27 - [TEST_STEP][PASSED] - setText(findTestObject("Object Repository/Data_Driven_Objects/input_standard_userlocked_out_userproblem_u_db77ac"), Username): Text 'Admin' is set on object 'Object Repository/Data_Driven_Objects/input_standard_userlocked_out_userproblem_u_db77ac'

14-10-2024T16:14:28 - [MESSAGE][PASSED] - Text 'Admin' is set on object 'Object Repository/Data_Driven_Objects/input_standard_userlocked_out_userproblem_u_db77ac'

14-10-2024T16:14:28 - [TEST_STEP][PASSED] - setEncryptedText(findTestObject("Object Repository/Data_Driven_Objects/input_standard_userlocked_out_userproblem_u_3423e9"), Password): Text ****** has been set on object 'Object Repository/Data_Driven_Objects/input_standard_userlocked_out_userproblem_u_3423e9'

14-10-2024T16:14:28 - [MESSAGE][PASSED] - Text ****** has been set on object 'Object Repository/Data_Driven_Objects/input_standard_userlocked_out_userproblem_u_3423e9'

14-10-2024T16:14:28 - [TEST_STEP][PASSED] - click(findTestObject("Object Repository/Data_Driven_Objects/input_standard_userlocked_out_userproblem_u_0dff71")): Object: 'Object Repository/Data_Driven_Objects/input_standard_userlocked_out_userproblem_u_0dff71' is clicked on

14-10-2024T16:14:28 - [MESSAGE][PASSED] - Object: 'Object Repository/Data_Driven_Objects/input_standard_userlocked_out_userproblem_u_0dff71' is clicked on

14-10-2024T16:14:28 - [TEST_STEP][FAILED] - click(findTestObject("Object Repository/Data_Driven_Objects/button_Open Menu")): Unable to click on object 'Object Repository/Data_Driven_Objects/button_Open Menu' (Root cause: com.kms.katalon.core.exception.StepFailedException: Unable to click on object 'Object Repository/Data_Driven_Objects/button_Open Menu'
	at com.kms.katalon.core.webui.keyword.internal.WebUIKeywordMain.stepFailed(WebUIKeywordMain.groovy:117)
	at com.kms.katalon.core.webui.keyword.internal.WebUIKeywordMain.runKeyword(WebUIKeywordMain.groovy:43)
	at com.kms.katalon.core.webui.keyword.builtin.ClickKeyword.click(ClickKeyword.groovy:74)
	at com.kms.katalon.core.webui.keyword.builtin.ClickKeyword.execute(ClickKeyword.groovy:40)
	at com.kms.katalon.core.keyword.internal.KeywordExecutor.executeKeywordForPlatform(KeywordExecutor.groovy:74)
	at com.kms.katalon.core.webui.keyword.WebUiBuiltInKeywords.click(WebUiBuiltInKeywords.groovy:659)
	at Data-Driven_Demo.run(Data-Driven_Demo:34)
	at com.kms.katalon.core.main.ScriptEngine.run(ScriptEngine.java:194)
	at com.kms.katalon.core.main.ScriptEngine.runScriptAsRawText(ScriptEngine.java:119)
	at com.kms.katalon.core.main.TestCaseExecutor.runScript(TestCaseExecutor.java:448)
	at com.kms.katalon.core.main.TestCaseExecutor.doExecute(TestCaseExecutor.java:439)
	at com.kms.katalon.core.main.TestCaseExecutor.processExecutionPhase(TestCaseExecutor.java:418)
	at com.kms.katalon.core.main.TestCaseExecutor.accessMainPhase(TestCaseExecutor.java:410)
	at com.kms.katalon.core.main.TestCaseExecutor.execute(TestCaseExecutor.java:285)
	at com.kms.katalon.core.common.CommonExecutor.accessTestCaseMainPhase(CommonExecutor.java:65)
	at com.kms.katalon.core.main.TestSuiteExecutor.accessTestSuiteMainPhase(TestSuiteExecutor.java:150)
	at com.kms.katalon.core.main.TestSuiteExecutor.execute(TestSuiteExecutor.java:106)
	at com.kms.katalon.core.main.TestCaseMain.startTestSuite(TestCaseMain.java:180)
	at TempTestSuite1728902646005.run(TempTestSuite1728902646005.groovy:35)
	at java.base/jdk.internal.reflect.NativeMethodAccessorImpl.invoke0(Native Method)
	at java.base/jdk.internal.reflect.NativeMethodAccessorImpl.invoke(NativeMethodAccessorImpl.java:77)
	at java.base/jdk.internal.reflect.DelegatingMethodAccessorImpl.invoke(DelegatingMethodAccessorImpl.java:43)
Caused by: com.kms.katalon.core.webui.exception.WebElementNotFoundException: Web element with id: 'Object Repository/Data_Driven_Objects/button_Open Menu' located by '//div[@id='menu_button_container']/div/div[3]/div/button' not found
	at com.kms.katalon.core.webui.common.WebUiCommonHelper.findWebElement(WebUiCommonHelper.java:1419)
	at com.kms.katalon.core.webui.keyword.internal.WebUIAbstractKeyword.findWebElement(WebUIAbstractKeyword.groovy:27)
	at com.kms.katalon.core.webui.keyword.builtin.ClickKeyword$_click_closure1.doCall(ClickKeyword.groovy:65)
	at com.kms.katalon.core.webui.keyword.builtin.ClickKeyword$_click_closure1.call(ClickKeyword.groovy)
	at com.kms.katalon.core.webui.keyword.internal.WebUIKeywordMain.runKeyword(WebUIKeywordMain.groovy:35)
	at com.kms.katalon.core.webui.keyword.builtin.ClickKeyword.click(ClickKeyword.groovy:74)
	at com.kms.katalon.core.webui.keyword.builtin.ClickKeyword.execute(ClickKeyword.groovy:40)
	at com.kms.katalon.core.keyword.internal.KeywordExecutor.executeKeywordForPlatform(KeywordExecutor.groovy:74)
	at com.kms.katalon.core.webui.keyword.WebUiBuiltInKeywords.click(WebUiBuiltInKeywords.groovy:659)
	at Script1728901197297.run(Script1728901197297.groovy:34)
	... 15 more
)

14-10-2024T16:14:39 - [MESSAGE][INFO] - Unable to find the element located by 'By.xpath: //div[@id='menu_button_container']/div/div[3]/div/button'. Please recheck the objects properties to make sure the desired element is located. 

14-10-2024T16:14:39 - [MESSAGE][FAILED] - Unable to click on object 'Object Repository/Data_Driven_Objects/button_Open Menu' (Root cause: com.kms.katalon.core.exception.StepFailedException: Unable to click on object 'Object Repository/Data_Driven_Objects/button_Open Menu'
	at com.kms.katalon.core.webui.keyword.internal.WebUIKeywordMain.stepFailed(WebUIKeywordMain.groovy:117)
	at com.kms.katalon.core.webui.keyword.internal.WebUIKeywordMain.runKeyword(WebUIKeywordMain.groovy:43)
	at com.kms.katalon.core.webui.keyword.builtin.ClickKeyword.click(ClickKeyword.groovy:74)
	at com.kms.katalon.core.webui.keyword.builtin.ClickKeyword.execute(ClickKeyword.groovy:40)
	at com.kms.katalon.core.keyword.internal.KeywordExecutor.executeKeywordForPlatform(KeywordExecutor.groovy:74)
	at com.kms.katalon.core.webui.keyword.WebUiBuiltInKeywords.click(WebUiBuiltInKeywords.groovy:659)
	at Data-Driven_Demo.run(Data-Driven_Demo:34)
	at com.kms.katalon.core.main.ScriptEngine.run(ScriptEngine.java:194)
	at com.kms.katalon.core.main.ScriptEngine.runScriptAsRawText(ScriptEngine.java:119)
	at com.kms.katalon.core.main.TestCaseExecutor.runScript(TestCaseExecutor.java:448)
	at com.kms.katalon.core.main.TestCaseExecutor.doExecute(TestCaseExecutor.java:439)
	at com.kms.katalon.core.main.TestCaseExecutor.processExecutionPhase(TestCaseExecutor.java:418)
	at com.kms.katalon.core.main.TestCaseExecutor.accessMainPhase(TestCaseExecutor.java:410)
	at com.kms.katalon.core.main.TestCaseExecutor.execute(TestCaseExecutor.java:285)
	at com.kms.katalon.core.common.CommonExecutor.accessTestCaseMainPhase(CommonExecutor.java:65)
	at com.kms.katalon.core.main.TestSuiteExecutor.accessTestSuiteMainPhase(TestSuiteExecutor.java:150)
	at com.kms.katalon.core.main.TestSuiteExecutor.execute(TestSuiteExecutor.java:106)
	at com.kms.katalon.core.main.TestCaseMain.startTestSuite(TestCaseMain.java:180)
	at TempTestSuite1728902646005.run(TempTestSuite1728902646005.groovy:35)
	at java.base/jdk.internal.reflect.NativeMethodAccessorImpl.invoke0(Native Method)
	at java.base/jdk.internal.reflect.NativeMethodAccessorImpl.invoke(NativeMethodAccessorImpl.java:77)
	at java.base/jdk.internal.reflect.DelegatingMethodAccessorImpl.invoke(DelegatingMethodAccessorImpl.java:43)
Caused by: com.kms.katalon.core.webui.exception.WebElementNotFoundException: Web element with id: 'Object Repository/Data_Driven_Objects/button_Open Menu' located by '//div[@id='menu_button_container']/div/div[3]/div/button' not found
	at com.kms.katalon.core.webui.common.WebUiCommonHelper.findWebElement(WebUiCommonHelper.java:1419)
	at com.kms.katalon.core.webui.keyword.internal.WebUIAbstractKeyword.findWebElement(WebUIAbstractKeyword.groovy:27)
	at com.kms.katalon.core.webui.keyword.builtin.ClickKeyword$_click_closure1.doCall(ClickKeyword.groovy:65)
	at com.kms.katalon.core.webui.keyword.builtin.ClickKeyword$_click_closure1.call(ClickKeyword.groovy)
	at com.kms.katalon.core.webui.keyword.internal.WebUIKeywordMain.runKeyword(WebUIKeywordMain.groovy:35)
	at com.kms.katalon.core.webui.keyword.builtin.ClickKeyword.click(ClickKeyword.groovy:74)
	at com.kms.katalon.core.webui.keyword.builtin.ClickKeyword.execute(ClickKeyword.groovy:40)
	at com.kms.katalon.core.keyword.internal.KeywordExecutor.executeKeywordForPlatform(KeywordExecutor.groovy:74)
	at com.kms.katalon.core.webui.keyword.WebUiBuiltInKeywords.click(WebUiBuiltInKeywords.groovy:659)
	at Script1728901197297.run(Script1728901197297.groovy:34)
	... 15 more
)
[[ATTACHMENT|D:\\Silver Touch_MP\\Softwares\\Katalon\\Katalon_WorkSpace_STTL\\Katalon_Training_Udemy\\Reports\\20241014_161404\\Data_Driven_Suit\\Data_Driven_Suite_Demo\\20241014_161405\\1728902679774.png]]]]></system-out>
         <system-err><![CDATA[14-10-2024T16:14:24 - [TEST_CASE][FAILED] - Test Cases/Data_Driven/Data-Driven_Demo: Test Cases/Data_Driven/Data-Driven_Demo FAILED.
Reason:
com.kms.katalon.core.exception.StepFailedException: Unable to click on object 'Object Repository/Data_Driven_Objects/button_Open Menu'
	at com.kms.katalon.core.webui.keyword.internal.WebUIKeywordMain.stepFailed(WebUIKeywordMain.groovy:117)
	at com.kms.katalon.core.webui.keyword.internal.WebUIKeywordMain.runKeyword(WebUIKeywordMain.groovy:43)
	at com.kms.katalon.core.webui.keyword.builtin.ClickKeyword.click(ClickKeyword.groovy:74)
	at com.kms.katalon.core.webui.keyword.builtin.ClickKeyword.execute(ClickKeyword.groovy:40)
	at com.kms.katalon.core.keyword.internal.KeywordExecutor.executeKeywordForPlatform(KeywordExecutor.groovy:74)
	at com.kms.katalon.core.webui.keyword.WebUiBuiltInKeywords.click(WebUiBuiltInKeywords.groovy:659)
	at Data-Driven_Demo.run(Data-Driven_Demo:34)
	at com.kms.katalon.core.main.ScriptEngine.run(ScriptEngine.java:194)
	at com.kms.katalon.core.main.ScriptEngine.runScriptAsRawText(ScriptEngine.java:119)
	at com.kms.katalon.core.main.TestCaseExecutor.runScript(TestCaseExecutor.java:448)
	at com.kms.katalon.core.main.TestCaseExecutor.doExecute(TestCaseExecutor.java:439)
	at com.kms.katalon.core.main.TestCaseExecutor.processExecutionPhase(TestCaseExecutor.java:418)
	at com.kms.katalon.core.main.TestCaseExecutor.accessMainPhase(TestCaseExecutor.java:410)
	at com.kms.katalon.core.main.TestCaseExecutor.execute(TestCaseExecutor.java:285)
	at com.kms.katalon.core.common.CommonExecutor.accessTestCaseMainPhase(CommonExecutor.java:65)
	at com.kms.katalon.core.main.TestSuiteExecutor.accessTestSuiteMainPhase(TestSuiteExecutor.java:150)
	at com.kms.katalon.core.main.TestSuiteExecutor.execute(TestSuiteExecutor.java:106)
	at com.kms.katalon.core.main.TestCaseMain.startTestSuite(TestCaseMain.java:180)
	at TempTestSuite1728902646005.run(TempTestSuite1728902646005.groovy:35)
	at java.base/jdk.internal.reflect.NativeMethodAccessorImpl.invoke0(Native Method)
	at java.base/jdk.internal.reflect.NativeMethodAccessorImpl.invoke(NativeMethodAccessorImpl.java:77)
	at java.base/jdk.internal.reflect.DelegatingMethodAccessorImpl.invoke(DelegatingMethodAccessorImpl.java:43)
Caused by: com.kms.katalon.core.webui.exception.WebElementNotFoundException: Web element with id: 'Object Repository/Data_Driven_Objects/button_Open Menu' located by '//div[@id='menu_button_container']/div/div[3]/div/button' not found
	at com.kms.katalon.core.webui.common.WebUiCommonHelper.findWebElement(WebUiCommonHelper.java:1419)
	at com.kms.katalon.core.webui.keyword.internal.WebUIAbstractKeyword.findWebElement(WebUIAbstractKeyword.groovy:27)
	at com.kms.katalon.core.webui.keyword.builtin.ClickKeyword$_click_closure1.doCall(ClickKeyword.groovy:65)
	at com.kms.katalon.core.webui.keyword.builtin.ClickKeyword$_click_closure1.call(ClickKeyword.groovy)
	at com.kms.katalon.core.webui.keyword.internal.WebUIKeywordMain.runKeyword(WebUIKeywordMain.groovy:35)
	... 20 more]]></system-err>
      </testcase>
      <system-out><![CDATA[14-10-2024T16:14:13 - [TEST_SUITE][FAILED] - Data_Driven_Suite_Demo: Test Cases/Data_Driven/Data-Driven_Demo FAILED.
Reason:
com.kms.katalon.core.exception.StepFailedException: Unable to click on object 'Object Repository/Data_Driven_Objects/button_Open Menu'
	at com.kms.katalon.core.webui.keyword.internal.WebUIKeywordMain.stepFailed(WebUIKeywordMain.groovy:117)
	at com.kms.katalon.core.webui.keyword.internal.WebUIKeywordMain.runKeyword(WebUIKeywordMain.groovy:43)
	at com.kms.katalon.core.webui.keyword.builtin.ClickKeyword.click(ClickKeyword.groovy:74)
	at com.kms.katalon.core.webui.keyword.builtin.ClickKeyword.execute(ClickKeyword.groovy:40)
	at com.kms.katalon.core.keyword.internal.KeywordExecutor.executeKeywordForPlatform(KeywordExecutor.groovy:74)
	at com.kms.katalon.core.webui.keyword.WebUiBuiltInKeywords.click(WebUiBuiltInKeywords.groovy:659)
	at Data-Driven_Demo.run(Data-Driven_Demo:34)
	at com.kms.katalon.core.main.ScriptEngine.run(ScriptEngine.java:194)
	at com.kms.katalon.core.main.ScriptEngine.runScriptAsRawText(ScriptEngine.java:119)
	at com.kms.katalon.core.main.TestCaseExecutor.runScript(TestCaseExecutor.java:448)
	at com.kms.katalon.core.main.TestCaseExecutor.doExecute(TestCaseExecutor.java:439)
	at com.kms.katalon.core.main.TestCaseExecutor.processExecutionPhase(TestCaseExecutor.java:418)
	at com.kms.katalon.core.main.TestCaseExecutor.accessMainPhase(TestCaseExecutor.java:410)
	at com.kms.katalon.core.main.TestCaseExecutor.execute(TestCaseExecutor.java:285)
	at com.kms.katalon.core.common.CommonExecutor.accessTestCaseMainPhase(CommonExecutor.java:65)
	at com.kms.katalon.core.main.TestSuiteExecutor.accessTestSuiteMainPhase(TestSuiteExecutor.java:150)
	at com.kms.katalon.core.main.TestSuiteExecutor.execute(TestSuiteExecutor.java:106)
	at com.kms.katalon.core.main.TestCaseMain.startTestSuite(TestCaseMain.java:180)
	at TempTestSuite1728902646005.run(TempTestSuite1728902646005.groovy:35)
	at java.base/jdk.internal.reflect.NativeMethodAccessorImpl.invoke0(Native Method)
	at java.base/jdk.internal.reflect.NativeMethodAccessorImpl.invoke(NativeMethodAccessorImpl.java:77)
	at java.base/jdk.internal.reflect.DelegatingMethodAccessorImpl.invoke(DelegatingMethodAccessorImpl.java:43)
Caused by: com.kms.katalon.core.webui.exception.WebElementNotFoundException: Web element with id: 'Object Repository/Data_Driven_Objects/button_Open Menu' located by '//div[@id='menu_button_container']/div/div[3]/div/button' not found
	at com.kms.katalon.core.webui.common.WebUiCommonHelper.findWebElement(WebUiCommonHelper.java:1419)
	at com.kms.katalon.core.webui.keyword.internal.WebUIAbstractKeyword.findWebElement(WebUIAbstractKeyword.groovy:27)
	at com.kms.katalon.core.webui.keyword.builtin.ClickKeyword$_click_closure1.doCall(ClickKeyword.groovy:65)
	at com.kms.katalon.core.webui.keyword.builtin.ClickKeyword$_click_closure1.call(ClickKeyword.groovy)
	at com.kms.katalon.core.webui.keyword.internal.WebUIKeywordMain.runKeyword(WebUIKeywordMain.groovy:35)
	... 20 more]]></system-out>
      <system-err><![CDATA[14-10-2024T16:14:13 - [TEST_SUITE][FAILED] - Data_Driven_Suite_Demo: Test Cases/Data_Driven/Data-Driven_Demo FAILED.
Reason:
com.kms.katalon.core.exception.StepFailedException: Unable to click on object 'Object Repository/Data_Driven_Objects/button_Open Menu'
	at com.kms.katalon.core.webui.keyword.internal.WebUIKeywordMain.stepFailed(WebUIKeywordMain.groovy:117)
	at com.kms.katalon.core.webui.keyword.internal.WebUIKeywordMain.runKeyword(WebUIKeywordMain.groovy:43)
	at com.kms.katalon.core.webui.keyword.builtin.ClickKeyword.click(ClickKeyword.groovy:74)
	at com.kms.katalon.core.webui.keyword.builtin.ClickKeyword.execute(ClickKeyword.groovy:40)
	at com.kms.katalon.core.keyword.internal.KeywordExecutor.executeKeywordForPlatform(KeywordExecutor.groovy:74)
	at com.kms.katalon.core.webui.keyword.WebUiBuiltInKeywords.click(WebUiBuiltInKeywords.groovy:659)
	at Data-Driven_Demo.run(Data-Driven_Demo:34)
	at com.kms.katalon.core.main.ScriptEngine.run(ScriptEngine.java:194)
	at com.kms.katalon.core.main.ScriptEngine.runScriptAsRawText(ScriptEngine.java:119)
	at com.kms.katalon.core.main.TestCaseExecutor.runScript(TestCaseExecutor.java:448)
	at com.kms.katalon.core.main.TestCaseExecutor.doExecute(TestCaseExecutor.java:439)
	at com.kms.katalon.core.main.TestCaseExecutor.processExecutionPhase(TestCaseExecutor.java:418)
	at com.kms.katalon.core.main.TestCaseExecutor.accessMainPhase(TestCaseExecutor.java:410)
	at com.kms.katalon.core.main.TestCaseExecutor.execute(TestCaseExecutor.java:285)
	at com.kms.katalon.core.common.CommonExecutor.accessTestCaseMainPhase(CommonExecutor.java:65)
	at com.kms.katalon.core.main.TestSuiteExecutor.accessTestSuiteMainPhase(TestSuiteExecutor.java:150)
	at com.kms.katalon.core.main.TestSuiteExecutor.execute(TestSuiteExecutor.java:106)
	at com.kms.katalon.core.main.TestCaseMain.startTestSuite(TestCaseMain.java:180)
	at TempTestSuite1728902646005.run(TempTestSuite1728902646005.groovy:35)
	at java.base/jdk.internal.reflect.NativeMethodAccessorImpl.invoke0(Native Method)
	at java.base/jdk.internal.reflect.NativeMethodAccessorImpl.invoke(NativeMethodAccessorImpl.java:77)
	at java.base/jdk.internal.reflect.DelegatingMethodAccessorImpl.invoke(DelegatingMethodAccessorImpl.java:43)
Caused by: com.kms.katalon.core.webui.exception.WebElementNotFoundException: Web element with id: 'Object Repository/Data_Driven_Objects/button_Open Menu' located by '//div[@id='menu_button_container']/div/div[3]/div/button' not found
	at com.kms.katalon.core.webui.common.WebUiCommonHelper.findWebElement(WebUiCommonHelper.java:1419)
	at com.kms.katalon.core.webui.keyword.internal.WebUIAbstractKeyword.findWebElement(WebUIAbstractKeyword.groovy:27)
	at com.kms.katalon.core.webui.keyword.builtin.ClickKeyword$_click_closure1.doCall(ClickKeyword.groovy:65)
	at com.kms.katalon.core.webui.keyword.builtin.ClickKeyword$_click_closure1.call(ClickKeyword.groovy)
	at com.kms.katalon.core.webui.keyword.internal.WebUIKeywordMain.runKeyword(WebUIKeywordMain.groovy:35)
	... 20 more]]></system-err>
   </testsuite>
</testsuites>
